epoch: 1server at port: 7082

client
server address is: 127.0.0.1:7082
connection done
---continue---
EOF Reached
[172, 229, 86, 50, 143, 32, 52, 14, 101, 121, 129, 61, 102, 47, 141, 92, 66, 187, 183, 239, 139, 148, 35, 140, 72, 2, 79, 64, 78, 189, 185, 82]//[210, 209, 151, 182, 171, 41, 214, 120, 202, 158, 21, 185, 43, 166, 251, 190, 8, 122, 86, 29, 70, 94, 97, 24, 245, 198, 236, 138, 27, 89, 143, 105, 98, 199, 20, 49, 188, 116, 252, 18, 15, 3, 0, 214, 107, 93, 41, 244, 20, 114, 220, 39, 75, 240, 130, 208, 179, 121, 110, 214, 121, 92, 60, 132]//18.117.92.19 messageEOF
Identity Verification Failed. Aborting Broadcasting...
epoch: 2
client
server address is: 127.0.0.1:7083
---continue---
EOF Reached
Identity Verification Failed EOF
server at port: 7083
connection done
---continue---
EOF Reached
[146, 145, 113, 189, 165, 151, 87, 111, 150, 149, 250, 44, 50, 159, 34, 65, 227, 160, 131, 140, 87, 75, 31, 104, 181, 202, 231, 230, 213, 102, 74, 31]//[210, 209, 151, 182, 171, 41, 214, 120, 202, 158, 21, 185, 43, 166, 251, 190, 8, 122, 86, 29, 70, 94, 97, 24, 245, 198, 236, 138, 27, 89, 143, 105, 98, 199, 20, 49, 188, 116, 252, 18, 15, 3, 0, 214, 107, 93, 41, 244, 20, 114, 220, 39, 75, 240, 130, 208, 179, 121, 110, 214, 121, 92, 60, 132]//18.117.92.19 messageEOF
Identity Verification Failed. Aborting Broadcasting...
epoch: 3
client
server address is: 127.0.0.1:7084
---continue---
EOF Reached
Identity Verification Failed EOF
server at port: 7084
connection done
---continue---
EOF Reached
[174, 237, 126, 60, 114, 236, 201, 132, 174, 13, 77, 96, 177, 172, 46, 143, 41, 198, 119, 227, 47, 156, 212, 225, 51, 217, 164, 243, 170, 70, 12, 73]//[210, 209, 151, 182, 171, 41, 214, 120, 202, 158, 21, 185, 43, 166, 251, 190, 8, 122, 86, 29, 70, 94, 97, 24, 245, 198, 236, 138, 27, 89, 143, 105, 98, 199, 20, 49, 188, 116, 252, 18, 15, 3, 0, 214, 107, 93, 41, 244, 20, 114, 220, 39, 75, 240, 130, 208, 179, 121, 110, 214, 121, 92, 60, 132]//18.117.92.19 messageEOF
Identity Verification Failed. Aborting Broadcasting...epoch: 4

client
server address is: 127.0.0.1:7085
---continue---
EOF Reached
Identity Verification Failed EOF
server at port: 7085
connection done
---continue---
EOF Reached
[192, 200, 237, 161, 34, 136, 194, 37, 186, 239, 13, 188, 252, 152, 84, 54, 162, 111, 241, 235, 83, 57, 104, 161, 17, 56, 245, 47, 61, 198, 82, 48]//[210, 209, 151, 182, 171, 41, 214, 120, 202, 158, 21, 185, 43, 166, 251, 190, 8, 122, 86, 29, 70, 94, 97, 24, 245, 198, 236, 138, 27, 89, 143, 105, 98, 199, 20, 49, 188, 116, 252, 18, 15, 3, 0, 214, 107, 93, 41, 244, 20, 114, 220, 39, 75, 240, 130, 208, 179, 121, 110, 214, 121, 92, 60, 132]//18.117.92.19 messageEOF
epoch: 5
Identity Verification Failed. Aborting Broadcasting...
client
server address is: 127.0.0.1:7086
---continue---
EOF Reached
Identity Verification Failed EOF
server at port: 7086
connection done
---continue---
EOF Reached
[106, 152, 65, 133, 106, 199, 169, 116, 179, 241, 10, 160, 24, 241, 90, 169, 249, 61, 153, 202, 218, 237, 18, 103, 89, 102, 112, 255, 127, 220, 63, 36]//[210, 209, 151, 182, 171, 41, 214, 120, 202, 158, 21, 185, 43, 166, 251, 190, 8, 122, 86, 29, 70, 94, 97, 24, 245, 198, 236, 138, 27, 89, 143, 105, 98, 199, 20, 49, 188, 116, 252, 18, 15, 3, 0, 214, 107, 93, 41, 244, 20, 114, 220, 39, 75, 240, 130, 208, 179, 121, 110, 214, 121, 92, 60, 132]//18.117.92.19 messageEOF
epoch: 6
Identity Verification Failed. Aborting Broadcasting...
client
server address is: 127.0.0.1:7087
---continue---
EOF Reached
Identity Verification Failed EOF
server at port: 7087
connection done
---continue---
EOF Reached
[102, 118, 174, 125, 249, 222, 42, 48, 64, 21, 249, 229, 137, 132, 178, 162, 9, 77, 247, 196, 205, 198, 166, 204, 127, 150, 235, 17, 126, 59, 75, 89]//[210, 209, 151, 182, 171, 41, 214, 120, 202, 158, 21, 185, 43, 166, 251, 190, 8, 122, 86, 29, 70, 94, 97, 24, 245, 198, 236, 138, 27, 89, 143, 105, 98, 199, 20, 49, 188, 116, 252, 18, 15, 3, 0, 214, 107, 93, 41, 244, 20, 114, 220, 39, 75, 240, 130, 208, 179, 121, 110, 214, 121, 92, 60, 132]//18.117.92.19 messageEOF
Identity Verification Failed. Aborting Broadcasting...
---continue---
EOF Reached
Identity Verification Failed EOF
